Traceback (most recent call last):
  File "/home/hussam/.local/lib/python3.11/site-packages/jupyter_cache/executors/utils.py", line 58, in single_nb_execution
    executenb(
  File "/home/hussam/.local/lib/python3.11/site-packages/nbclient/client.py", line 1265, in execute
    return NotebookClient(nb=nb, resources=resources, km=km, **kwargs).execute()
           ^^^^^^^^^^^^^^^^^^^^^^^^^^^^^^^^^^^^^^^^^^^^^^^^^^^^^^^^^^^^^^^^^^^^^
  File "/home/hussam/.local/lib/python3.11/site-packages/jupyter_core/utils/__init__.py", line 166, in wrapped
    return loop.run_until_complete(inner)
           ^^^^^^^^^^^^^^^^^^^^^^^^^^^^^^
  File "/usr/lib/python3.11/asyncio/base_events.py", line 653, in run_until_complete
    return future.result()
           ^^^^^^^^^^^^^^^
  File "/home/hussam/.local/lib/python3.11/site-packages/nbclient/client.py", line 703, in async_execute
    await self.async_execute_cell(
  File "/home/hussam/.local/lib/python3.11/site-packages/nbclient/client.py", line 1021, in async_execute_cell
    await self._check_raise_for_error(cell, cell_index, exec_reply)
  File "/home/hussam/.local/lib/python3.11/site-packages/nbclient/client.py", line 915, in _check_raise_for_error
    raise CellExecutionError.from_cell_and_msg(cell, exec_reply_content)
nbclient.exceptions.CellExecutionError: An error occurred while executing the following cell:
------------------
# Import packages
import pandas as pd
import plotly.express as px
import seaborn as sns
------------------

[0;31m---------------------------------------------------------------------------[0m
[0;31mModuleNotFoundError[0m                       Traceback (most recent call last)
Cell [0;32mIn[1], line 4[0m
[1;32m      2[0m [38;5;28;01mimport[39;00m [38;5;21;01mpandas[39;00m [38;5;28;01mas[39;00m [38;5;21;01mpd[39;00m
[1;32m      3[0m [38;5;28;01mimport[39;00m [38;5;21;01mplotly[39;00m[38;5;21;01m.[39;00m[38;5;21;01mexpress[39;00m [38;5;28;01mas[39;00m [38;5;21;01mpx[39;00m
[0;32m----> 4[0m [38;5;28;01mimport[39;00m [38;5;21;01mseaborn[39;00m [38;5;28;01mas[39;00m [38;5;21;01msns[39;00m

File [0;32m~/.local/lib/python3.11/site-packages/seaborn/__init__.py:2[0m
[1;32m      1[0m [38;5;66;03m# Import seaborn objects[39;00m
[0;32m----> 2[0m [38;5;28;01mfrom[39;00m [38;5;21;01m.[39;00m[38;5;21;01mrcmod[39;00m [38;5;28;01mimport[39;00m [38;5;241m*[39m  [38;5;66;03m# noqa: F401,F403[39;00m
[1;32m      3[0m [38;5;28;01mfrom[39;00m [38;5;21;01m.[39;00m[38;5;21;01mutils[39;00m [38;5;28;01mimport[39;00m [38;5;241m*[39m  [38;5;66;03m# noqa: F401,F403[39;00m
[1;32m      4[0m [38;5;28;01mfrom[39;00m [38;5;21;01m.[39;00m[38;5;21;01mpalettes[39;00m [38;5;28;01mimport[39;00m [38;5;241m*[39m  [38;5;66;03m# noqa: F401,F403[39;00m

File [0;32m~/.local/lib/python3.11/site-packages/seaborn/rcmod.py:3[0m
[1;32m      1[0m [38;5;124;03m"""Control plot style and scaling using the matplotlib rcParams interface."""[39;00m
[1;32m      2[0m [38;5;28;01mimport[39;00m [38;5;21;01mfunctools[39;00m
[0;32m----> 3[0m [38;5;28;01mimport[39;00m [38;5;21;01mmatplotlib[39;00m [38;5;28;01mas[39;00m [38;5;21;01mmpl[39;00m
[1;32m      4[0m [38;5;28;01mfrom[39;00m [38;5;21;01mcycler[39;00m [38;5;28;01mimport[39;00m cycler
[1;32m      5[0m [38;5;28;01mfrom[39;00m [38;5;21;01m.[39;00m [38;5;28;01mimport[39;00m palettes

File [0;32m~/.local/lib/python3.11/site-packages/matplotlib/__init__.py:229[0m
[1;32m    224[0m         [38;5;28;01mif[39;00m parse_version(module[38;5;241m.[39m__version__) [38;5;241m<[39m parse_version(minver):
[1;32m    225[0m             [38;5;28;01mraise[39;00m [38;5;167;01mImportError[39;00m([38;5;124mf[39m[38;5;124m"[39m[38;5;124mMatplotlib requires [39m[38;5;132;01m{[39;00mmodname[38;5;132;01m}[39;00m[38;5;124m>=[39m[38;5;132;01m{[39;00mminver[38;5;132;01m}[39;00m[38;5;124m; [39m[38;5;124m"[39m
[1;32m    226[0m                               [38;5;124mf[39m[38;5;124m"[39m[38;5;124myou have [39m[38;5;132;01m{[39;00mmodule[38;5;241m.[39m__version__[38;5;132;01m}[39;00m[38;5;124m"[39m)
[0;32m--> 229[0m [43m_check_versions[49m[43m([49m[43m)[49m
[1;32m    232[0m [38;5;66;03m# The decorator ensures this always returns the same handler (and it is only[39;00m
[1;32m    233[0m [38;5;66;03m# attached once).[39;00m
[1;32m    234[0m [38;5;129m@functools[39m[38;5;241m.[39mlru_cache()
[1;32m    235[0m [38;5;28;01mdef[39;00m [38;5;21m_ensure_handler[39m():

File [0;32m~/.local/lib/python3.11/site-packages/matplotlib/__init__.py:223[0m, in [0;36m_check_versions[0;34m()[0m
[1;32m    214[0m [38;5;28;01mfrom[39;00m [38;5;21;01m.[39;00m [38;5;28;01mimport[39;00m ft2font
[1;32m    216[0m [38;5;28;01mfor[39;00m modname, minver [38;5;129;01min[39;00m [
[1;32m    217[0m         ([38;5;124m"[39m[38;5;124mcycler[39m[38;5;124m"[39m, [38;5;124m"[39m[38;5;124m0.10[39m[38;5;124m"[39m),
[1;32m    218[0m         ([38;5;124m"[39m[38;5;124mdateutil[39m[38;5;124m"[39m, [38;5;124m"[39m[38;5;124m2.7[39m[38;5;124m"[39m),
[0;32m   (...)[0m
[1;32m    221[0m         ([38;5;124m"[39m[38;5;124mpyparsing[39m[38;5;124m"[39m, [38;5;124m"[39m[38;5;124m2.3.1[39m[38;5;124m"[39m),
[1;32m    222[0m ]:
[0;32m--> 223[0m     module [38;5;241m=[39m [43mimportlib[49m[38;5;241;43m.[39;49m[43mimport_module[49m[43m([49m[43mmodname[49m[43m)[49m
[1;32m    224[0m     [38;5;28;01mif[39;00m parse_version(module[38;5;241m.[39m__version__) [38;5;241m<[39m parse_version(minver):
[1;32m    225[0m         [38;5;28;01mraise[39;00m [38;5;167;01mImportError[39;00m([38;5;124mf[39m[38;5;124m"[39m[38;5;124mMatplotlib requires [39m[38;5;132;01m{[39;00mmodname[38;5;132;01m}[39;00m[38;5;124m>=[39m[38;5;132;01m{[39;00mminver[38;5;132;01m}[39;00m[38;5;124m; [39m[38;5;124m"[39m
[1;32m    226[0m                           [38;5;124mf[39m[38;5;124m"[39m[38;5;124myou have [39m[38;5;132;01m{[39;00mmodule[38;5;241m.[39m__version__[38;5;132;01m}[39;00m[38;5;124m"[39m)

File [0;32m/usr/lib/python3.11/importlib/__init__.py:126[0m, in [0;36mimport_module[0;34m(name, package)[0m
[1;32m    124[0m             [38;5;28;01mbreak[39;00m
[1;32m    125[0m         level [38;5;241m+[39m[38;5;241m=[39m [38;5;241m1[39m
[0;32m--> 126[0m [38;5;28;01mreturn[39;00m [43m_bootstrap[49m[38;5;241;43m.[39;49m[43m_gcd_import[49m[43m([49m[43mname[49m[43m[[49m[43mlevel[49m[43m:[49m[43m][49m[43m,[49m[43m [49m[43mpackage[49m[43m,[49m[43m [49m[43mlevel[49m[43m)[49m

[0;31mModuleNotFoundError[0m: No module named 'kiwisolver'
ModuleNotFoundError: No module named 'kiwisolver'

